i:\courses\cap4730_fall2018\projects\proj3_glslshaders\_proj3_glslshaders_solution_2018_\src\glfw-3.2.1\build\src\release\egl_context.obj
i:\courses\cap4730_fall2018\projects\proj3_glslshaders\_proj3_glslshaders_solution_2018_\src\glfw-3.2.1\build\src\release\wgl_context.obj
i:\courses\cap4730_fall2018\projects\proj3_glslshaders\_proj3_glslshaders_solution_2018_\src\glfw-3.2.1\build\src\release\win32_window.obj
i:\courses\cap4730_fall2018\projects\proj3_glslshaders\_proj3_glslshaders_solution_2018_\src\glfw-3.2.1\build\src\release\win32_tls.obj
i:\courses\cap4730_fall2018\projects\proj3_glslshaders\_proj3_glslshaders_solution_2018_\src\glfw-3.2.1\build\src\release\win32_time.obj
i:\courses\cap4730_fall2018\projects\proj3_glslshaders\_proj3_glslshaders_solution_2018_\src\glfw-3.2.1\build\src\release\win32_monitor.obj
i:\courses\cap4730_fall2018\projects\proj3_glslshaders\_proj3_glslshaders_solution_2018_\src\glfw-3.2.1\build\src\release\win32_joystick.obj
i:\courses\cap4730_fall2018\projects\proj3_glslshaders\_proj3_glslshaders_solution_2018_\src\glfw-3.2.1\build\src\release\win32_init.obj
i:\courses\cap4730_fall2018\projects\proj3_glslshaders\_proj3_glslshaders_solution_2018_\src\glfw-3.2.1\build\src\release\window.obj
i:\courses\cap4730_fall2018\projects\proj3_glslshaders\_proj3_glslshaders_solution_2018_\src\glfw-3.2.1\build\src\release\vulkan.obj
i:\courses\cap4730_fall2018\projects\proj3_glslshaders\_proj3_glslshaders_solution_2018_\src\glfw-3.2.1\build\src\release\monitor.obj
i:\courses\cap4730_fall2018\projects\proj3_glslshaders\_proj3_glslshaders_solution_2018_\src\glfw-3.2.1\build\src\release\input.obj
i:\courses\cap4730_fall2018\projects\proj3_glslshaders\_proj3_glslshaders_solution_2018_\src\glfw-3.2.1\build\src\release\init.obj
i:\courses\cap4730_fall2018\projects\proj3_glslshaders\_proj3_glslshaders_solution_2018_\src\glfw-3.2.1\build\src\release\context.obj
i:\courses\cap4730_fall2018\projects\proj3_glslshaders\_proj3_glslshaders_solution_2018_\src\glfw-3.2.1\build\src\release\glfw.lib
i:\courses\cap4730_fall2018\projects\proj3_glslshaders\_proj3_glslshaders_solution_2018_\src\glfw-3.2.1\build\src\release/glfw.lib
i:\courses\cap4730_fall2018\projects\proj3_glslshaders\_proj3_glslshaders_solution_2018_\src\glfw-3.2.1\build\src\release\glfw.tlog\cl.command.1.tlog
i:\courses\cap4730_fall2018\projects\proj3_glslshaders\_proj3_glslshaders_solution_2018_\src\glfw-3.2.1\build\src\release\glfw.tlog\cl.read.1.tlog
i:\courses\cap4730_fall2018\projects\proj3_glslshaders\_proj3_glslshaders_solution_2018_\src\glfw-3.2.1\build\src\release\glfw.tlog\cl.write.1.tlog
i:\courses\cap4730_fall2018\projects\proj3_glslshaders\_proj3_glslshaders_solution_2018_\src\glfw-3.2.1\build\src\release\glfw.tlog\lib-link.read.1.tlog
i:\courses\cap4730_fall2018\projects\proj3_glslshaders\_proj3_glslshaders_solution_2018_\src\glfw-3.2.1\build\src\release\glfw.tlog\lib-link.write.1.tlog
i:\courses\cap4730_fall2018\projects\proj3_glslshaders\_proj3_glslshaders_solution_2018_\src\glfw-3.2.1\build\src\release\glfw.tlog\lib.command.1.tlog
