cl : Command line warning D9035: option 'Gm' has been deprecated and will be removed in a future release
  DiamondSquare.cpp
c:\users\michael mcnally\source\repos\final proj\src\mainsrc\diamondsquare.cpp(34): warning C4244: '=': conversion from 'double' to 'float', possible loss of data
c:\users\michael mcnally\source\repos\final proj\src\mainsrc\diamondsquare.cpp(43): warning C4305: '=': truncation from 'double' to 'float'
c:\users\michael mcnally\source\repos\final proj\src\mainsrc\diamondsquare.cpp(45): warning C4305: '=': truncation from 'double' to 'float'
c:\users\michael mcnally\source\repos\final proj\src\mainsrc\diamondsquare.cpp(49): warning C4305: '=': truncation from 'double' to 'float'
c:\users\michael mcnally\source\repos\final proj\src\mainsrc\diamondsquare.cpp(50): warning C4305: '=': truncation from 'double' to 'float'
c:\users\michael mcnally\source\repos\final proj\src\mainsrc\diamondsquare.cpp(52): warning C4305: '=': truncation from 'double' to 'float'
c:\users\michael mcnally\source\repos\final proj\src\mainsrc\diamondsquare.cpp(53): warning C4305: '=': truncation from 'double' to 'float'
c:\users\michael mcnally\source\repos\final proj\src\mainsrc\diamondsquare.cpp(54): warning C4305: '=': truncation from 'double' to 'float'
c:\users\michael mcnally\source\repos\final proj\src\mainsrc\diamondsquare.cpp(55): warning C4305: '=': truncation from 'double' to 'float'
c:\users\michael mcnally\source\repos\final proj\src\mainsrc\diamondsquare.cpp(59): warning C4305: '=': truncation from 'double' to 'float'
c:\users\michael mcnally\source\repos\final proj\src\mainsrc\diamondsquare.cpp(60): warning C4305: '=': truncation from 'double' to 'float'
c:\users\michael mcnally\source\repos\final proj\src\mainsrc\diamondsquare.cpp(63): warning C4305: '=': truncation from 'double' to 'float'
c:\users\michael mcnally\source\repos\final proj\src\mainsrc\diamondsquare.cpp(64): warning C4305: '=': truncation from 'double' to 'float'
c:\users\michael mcnally\source\repos\final proj\src\mainsrc\diamondsquare.cpp(67): warning C4305: '=': truncation from 'double' to 'float'
c:\users\michael mcnally\source\repos\final proj\src\mainsrc\diamondsquare.cpp(68): warning C4305: '=': truncation from 'double' to 'float'
c:\users\michael mcnally\source\repos\final proj\src\mainsrc\diamondsquare.cpp(70): warning C4305: '=': truncation from 'double' to 'float'
c:\users\michael mcnally\source\repos\final proj\src\mainsrc\diamondsquare.cpp(71): warning C4305: '=': truncation from 'double' to 'float'
libst.lib(STColor4ub.obj) : warning LNK4075: ignoring '/EDITANDCONTINUE' due to '/SAFESEH' specification
  libpng.lib(png.obj) : MSIL .netmodule or module compiled with /GL found; restarting link with /LTCG; add /LTCG to the link command line to improve linker performance
LINK : warning LNK4075: ignoring '/INCREMENTAL' due to '/LTCG' specification
libst.lib(STColor4ub.obj) : warning LNK4075: ignoring '/EDITANDCONTINUE' due to '/SAFESEH' specification
  Generating code
  Finished generating code
  proj1.vcxproj -> C:\Users\Michael McNally\source\repos\Final Proj\src\mainsrc\bin\proj1\Debug\proj1.exe
