c:\users\michael mcnally\source\repos\proj1_mesh\src\mainsrc\bin\proj1\debug\objs\vc141.pdb
c:\users\michael mcnally\source\repos\proj1_mesh\src\mainsrc\bin\proj1\debug\objs\vc141.idb
c:\users\michael mcnally\source\repos\proj1_mesh\src\mainsrc\bin\proj1\debug\objs\main.asm
c:\users\michael mcnally\source\repos\proj1_mesh\src\mainsrc\bin\proj1\debug\objs\mysphere.obj
c:\users\michael mcnally\source\repos\proj1_mesh\src\mainsrc\bin\proj1\debug\objs\mysphere.asm
c:\users\michael mcnally\source\repos\proj1_mesh\src\mainsrc\bin\proj1\debug\objs\main.obj
c:\users\michael mcnally\source\repos\final proj\src\mainsrc\bin\proj1\debug\objs\vc141.pdb
c:\users\michael mcnally\source\repos\final proj\src\mainsrc\bin\proj1\debug\objs\vc141.idb
c:\users\michael mcnally\source\repos\final proj\src\mainsrc\bin\proj1\debug\objs\main.obj
c:\users\michael mcnally\source\repos\final proj\src\mainsrc\bin\proj1\debug\objs\main.asm
c:\users\michael mcnally\source\repos\final proj\src\mainsrc\bin\proj1\debug\objs\mysphere.obj
c:\users\michael mcnally\source\repos\final proj\src\mainsrc\bin\proj1\debug\objs\mysphere.asm
c:\users\michael mcnally\source\repos\proj1_mesh\src\mainsrc\bin\proj1\debug\proj1.exe
c:\users\michael mcnally\source\repos\proj1_mesh\src\mainsrc\bin\proj1\debug\testzlib.pdb
c:\users\michael mcnally\source\repos\final proj\src\mainsrc\bin\proj1\debug\proj1.exe
c:\users\michael mcnally\source\repos\final proj\src\mainsrc\bin\proj1\debug\testzlib.pdb
c:\users\michael mcnally\source\repos\final proj\src\mainsrc\bin\proj1\debug\objs\proj1.tlog\cl.command.1.tlog
c:\users\michael mcnally\source\repos\final proj\src\mainsrc\bin\proj1\debug\objs\proj1.tlog\cl.read.1.tlog
c:\users\michael mcnally\source\repos\final proj\src\mainsrc\bin\proj1\debug\objs\proj1.tlog\cl.write.1.tlog
c:\users\michael mcnally\source\repos\final proj\src\mainsrc\bin\proj1\debug\objs\proj1.tlog\link.command.1.tlog
c:\users\michael mcnally\source\repos\final proj\src\mainsrc\bin\proj1\debug\objs\proj1.tlog\link.read.1.tlog
c:\users\michael mcnally\source\repos\final proj\src\mainsrc\bin\proj1\debug\objs\proj1.tlog\link.write.1.tlog
