i:\courses\cap4730_fall2018\projects\proj1_mesh\_gradingsolution_ codeupgrade_2018_\proj1_mesh_grading\src\mainsrc\bin\proj1\release\objs\vc141.pdb
i:\courses\cap4730_fall2018\projects\proj1_mesh\_gradingsolution_ codeupgrade_2018_\proj1_mesh_grading\src\mainsrc\bin\proj1\release\objs\mysphere.obj
i:\courses\cap4730_fall2018\projects\proj1_mesh\_gradingsolution_ codeupgrade_2018_\proj1_mesh_grading\src\mainsrc\bin\proj1\release\objs\main.obj
i:\courses\cap4730_fall2018\projects\proj1_mesh\_submit_2018_\proj1_mesh_grading\src\mainsrc\bin\proj1\release\objs\vc141.pdb
i:\courses\cap4730_fall2018\projects\proj1_mesh\_submit_2018_\proj1_mesh_grading\src\mainsrc\bin\proj1\release\objs\main.obj
i:\courses\cap4730_fall2018\projects\proj1_mesh\_submit_2018_\proj1_mesh_grading\src\mainsrc\bin\proj1\release\objs\mysphere.obj
i:\courses\cap4730_fall2018\projects\proj1_mesh\_gradingsolution_ codeupgrade_2018_\proj1_mesh_grading\src\mainsrc\bin\proj1\release\proj1.exe
i:\courses\cap4730_fall2018\projects\proj1_mesh\_gradingsolution_ codeupgrade_2018_\proj1_mesh_grading\src\mainsrc\bin\proj1\release\proj1.pdb
i:\courses\cap4730_fall2018\projects\proj1_mesh\_submit_2018_\proj1_mesh_grading\src\mainsrc\bin\proj1\release\proj1.exe
i:\courses\cap4730_fall2018\projects\proj1_mesh\_submit_2018_\proj1_mesh_grading\src\mainsrc\bin\proj1\release\proj1.pdb
i:\courses\cap4730_fall2018\projects\proj1_mesh\_gradingsolution_ codeupgrade_2018_\proj1_mesh_grading\src\mainsrc\bin\proj1\release\proj1.ipdb
i:\courses\cap4730_fall2018\projects\proj1_mesh\_gradingsolution_ codeupgrade_2018_\proj1_mesh_grading\src\mainsrc\bin\proj1\release\proj1.iobj
i:\courses\cap4730_fall2018\projects\proj1_mesh\_submit_2018_\proj1_mesh_grading\src\mainsrc\bin\proj1\release\proj1.ipdb
i:\courses\cap4730_fall2018\projects\proj1_mesh\_submit_2018_\proj1_mesh_grading\src\mainsrc\bin\proj1\release\proj1.iobj
i:\courses\cap4730_fall2018\projects\proj1_mesh\_submit_2018_\proj1_mesh\src\mainsrc\bin\proj1\release\objs\main.obj
i:\courses\cap4730_fall2018\projects\proj1_mesh\_submit_2018_\proj1_mesh\src\mainsrc\bin\proj1\release\objs\mysphere.obj
i:\courses\cap4730_fall2018\projects\proj1_mesh\_submit_2018_\proj1_mesh\src\mainsrc\bin\proj1\release\objs\vc141.pdb
i:\courses\cap4730_fall2018\projects\proj1_mesh\_submit_2018_\proj1_mesh\src\mainsrc\bin\proj1\release\proj1.exe
i:\courses\cap4730_fall2018\projects\proj1_mesh\_submit_2018_\proj1_mesh\src\mainsrc\bin\proj1\release\objs\proj1.tlog\cl.command.1.tlog
i:\courses\cap4730_fall2018\projects\proj1_mesh\_submit_2018_\proj1_mesh\src\mainsrc\bin\proj1\release\objs\proj1.tlog\cl.read.1.tlog
i:\courses\cap4730_fall2018\projects\proj1_mesh\_submit_2018_\proj1_mesh\src\mainsrc\bin\proj1\release\objs\proj1.tlog\cl.write.1.tlog
i:\courses\cap4730_fall2018\projects\proj1_mesh\_submit_2018_\proj1_mesh\src\mainsrc\bin\proj1\release\objs\proj1.tlog\link.command.1.tlog
i:\courses\cap4730_fall2018\projects\proj1_mesh\_submit_2018_\proj1_mesh\src\mainsrc\bin\proj1\release\objs\proj1.tlog\link.read.1.tlog
i:\courses\cap4730_fall2018\projects\proj1_mesh\_submit_2018_\proj1_mesh\src\mainsrc\bin\proj1\release\objs\proj1.tlog\link.write.1.tlog
i:\courses\cap4730_fall2018\projects\proj1_mesh\_submit_2018_\proj1_mesh\src\mainsrc\bin\proj1\release\objs\proj1.tlog\proj1.write.1u.tlog
